<?xml version="1.0" encoding="UTF-8"?>
<coverage generated="1669144012749" clover="3.2.0">
  <project timestamp="1669144012750" name="All files">
    <metrics statements="27" coveredstatements="27" conditionals="0" coveredconditionals="0" methods="14" coveredmethods="14" elements="41" coveredelements="41" complexity="0" loc="27" ncloc="27" packages="1" files="4" classes="4"/>
    <file name="Employee.js" path="C:\Users\Tim\Desktop\UCONN MOD 10\Mod 10 Project\lib\Employee.js">
      <metrics statements="9" coveredstatements="9" conditionals="0" coveredconditionals="0" methods="5" coveredmethods="5"/>
      <line num="2" count="4" type="stmt"/>
      <line num="7" count="15" type="stmt"/>
      <line num="8" count="15" type="stmt"/>
      <line num="9" count="15" type="stmt"/>
      <line num="13" count="1" type="stmt"/>
      <line num="17" count="1" type="stmt"/>
      <line num="21" count="1" type="stmt"/>
      <line num="25" count="1" type="stmt"/>
      <line num="29" count="4" type="stmt"/>
    </file>
    <file name="Engineer.js" path="C:\Users\Tim\Desktop\UCONN MOD 10\Mod 10 Project\lib\Engineer.js">
      <metrics statements="6" coveredstatements="6" conditionals="0" coveredconditionals="0" methods="3" coveredmethods="3"/>
      <line num="2" count="1" type="stmt"/>
      <line num="8" count="3" type="stmt"/>
      <line num="10" count="3" type="stmt"/>
      <line num="14" count="1" type="stmt"/>
      <line num="18" count="1" type="stmt"/>
      <line num="22" count="1" type="stmt"/>
    </file>
    <file name="Intern.js" path="C:\Users\Tim\Desktop\UCONN MOD 10\Mod 10 Project\lib\Intern.js">
      <metrics statements="6" coveredstatements="6" conditionals="0" coveredconditionals="0" methods="3" coveredmethods="3"/>
      <line num="2" count="1" type="stmt"/>
      <line num="8" count="3" type="stmt"/>
      <line num="10" count="3" type="stmt"/>
      <line num="14" count="1" type="stmt"/>
      <line num="18" count="1" type="stmt"/>
      <line num="22" count="1" type="stmt"/>
    </file>
    <file name="Manager.js" path="C:\Users\Tim\Desktop\UCONN MOD 10\Mod 10 Project\lib\Manager.js">
      <metrics statements="6" coveredstatements="6" conditionals="0" coveredconditionals="0" methods="3" coveredmethods="3"/>
      <line num="2" count="1" type="stmt"/>
      <line num="8" count="3" type="stmt"/>
      <line num="10" count="3" type="stmt"/>
      <line num="14" count="1" type="stmt"/>
      <line num="18" count="1" type="stmt"/>
      <line num="22" count="1" type="stmt"/>
    </file>
  </project>
</coverage>
